make all --print-data-base --no-builtin-variables --no-builtin-rules --question
# GNU Make 4.2.1
# Built for x86_64-pc-linux-gnu
# Copyright (C) 1988-2016 Free Software Foundation, Inc.
# License GPLv3+: GNU GPL version 3 or later <http://gnu.org/licenses/gpl.html>
# This is free software: you are free to change and redistribute it.
# There is NO WARRANTY, to the extent permitted by law.

# Make data base, printed on Sat Aug 27 16:02:42 2022

# Variables

# automatic
<D = $(patsubst %/,%,$(dir $<))
# automatic
?F = $(notdir $?)
# environment
DESKTOP_SESSION = ubuntu
# default
.SHELLFLAGS := -c
# environment
XDG_SESSION_CLASS = user
# environment
XDG_SESSION_TYPE = x11
# automatic
?D = $(patsubst %/,%,$(dir $?))
# automatic
@D = $(patsubst %/,%,$(dir $@))
# environment
XAUTHORITY = /mnt/nfs/homes/guderram/.Xauthority
# environment
GDMSESSION = ubuntu
# environment
XMODIFIERS = @im=ibus
# makefile
CURDIR := /mnt/nfs/homes/guderram/42/piscine-cpp/module-01/ex04
# makefile
SHELL = /bin/sh
# environment
GDM_LANG = en
# environment
VTE_VERSION = 6003
# environment
VSCODE_NLS_CONFIG = {"locale":"fr","availableLanguages":{"*":"fr"},"_languagePackId":"c7e2ab29f04a1f7605fe59032ea1fa0d.fr","_translationsConfigFile":"/mnt/nfs/homes/guderram/.config/Code/clp/c7e2ab29f04a1f7605fe59032ea1fa0d.fr/tcf.json","_cacheRoot":"/mnt/nfs/homes/guderram/.config/Code/clp/c7e2ab29f04a1f7605fe59032ea1fa0d.fr","_resolvedLanguagePackCoreLocation":"/mnt/nfs/homes/guderram/.config/Code/clp/c7e2ab29f04a1f7605fe59032ea1fa0d.fr/3b889b090b5ad5793f524b5d1d39fda662b96a2a","_corruptedFile":"/mnt/nfs/homes/guderram/.config/Code/clp/c7e2ab29f04a1f7605fe59032ea1fa0d.fr/corrupted.info","_languagePackSupport":true}
# environment
_ = /usr/bin/code
# makefile (from 'Makefile', line 9)
CFLAGS = -Wall -Wextra -Werror 
# environment
JOURNAL_STREAM = 9:4670602
# environment
XDG_CONFIG_DIRS = /etc/xdg/xdg-ubuntu:/etc/xdg
# makefile (from 'Makefile', line 1)
MAKEFILE_LIST :=  Makefile
# automatic
@F = $(notdir $@)
# environment
IM_CONFIG_PHASE = 1
# 'override' directive
GNUMAKEFLAGS := 
# environment
MANDATORY_PATH = /usr/share/gconf/ubuntu.mandatory.path
# environment
XDG_DATA_DIRS = /usr/share/gnome:/usr/share/ubuntu:/mnt/nfs/homes/guderram/.local/share/flatpak/exports/share:/var/lib/flatpak/exports/share:/usr/local/share:/usr/share:/var/lib/snapd/desktop
# makefile (from 'Makefile', line 5)
OBJSRCS = $(SRCS:.cpp=.o)
# environment
DBUS_SESSION_BUS_ADDRESS = unix:path=/run/user/32509/bus
# environment
MANAGERPID = 841820
# environment
VSCODE_CWD = /mnt/nfs/homes/guderram/42/piscine-cpp/module-01/ex04
# environment
XDG_SESSION_PATH = /org/freedesktop/DisplayManager/Session12
# environment
KRB5CCNAME = FILE:/tmp/krb5cc_32509_LyHZxg
# default
MAKE_HOST := x86_64-pc-linux-gnu
# environment
PATH = /mnt/nfs/homes/guderram/bin:/usr/local/sbin:/usr/local/bin:/usr/sbin:/usr/bin:/sbin:/bin:/usr/games:/usr/local/games:/snap/bin
# environment
GPG_AGENT_INFO = /run/user/32509/gnupg/S.gpg-agent:0:1
# environment
SESSION_MANAGER = local/e1r10p6.clusters.42paris.fr:@/tmp/.ICE-unix/849836,unix/e1r10p6.clusters.42paris.fr:/tmp/.ICE-unix/849836
# environment
XDG_RUNTIME_DIR = /run/user/32509
# environment
XDG_MENU_PREFIX = gnome-
# environment
ELECTRON_RUN_AS_NODE = 1
# environment
INVOCATION_ID = 9f6009e923e34e73b6a05decb65e9ed8
# default
.FEATURES := target-specific order-only second-expansion else-if shortest-stem undefine oneshell archives jobserver output-sync check-symlink load
# environment
XDG_GREETER_DATA_DIR = /var/lib/lightdm-data/guderram
# environment
XDG_SESSION_DESKTOP = ubuntu
# environment
SSH_AUTH_SOCK = /run/user/32509/keyring/ssh
# automatic
%F = $(notdir $%)
# environment
DISPLAY = :0
# environment
PWD = /mnt/nfs/homes/guderram/42/piscine-cpp/module-01/ex04
# default
.LOADED := 
# environment
SSH_AGENT_PID = 849799
# environment
ORIGINAL_XDG_CURRENT_DESKTOP = ubuntu:GNOME
# environment
GTK_MODULES = gail:atk-bridge
# environment
VSCODE_AMD_ENTRYPOINT = vs/workbench/api/node/extensionHostProcess
# environment
HOME = /mnt/nfs/homes/guderram
# environment
VSCODE_CLI = 1
# environment
VSCODE_CODE_CACHE_PATH = /mnt/nfs/homes/guderram/.config/Code/CachedData/3b889b090b5ad5793f524b5d1d39fda662b96a2a
# environment
LOGNAME = guderram
# environment
APPLICATION_INSIGHTS_NO_DIAGNOSTIC_CHANNEL = 1
# environment
ELECTRON_NO_ATTACH_CONSOLE = 1
# environment
VSCODE_HANDLES_UNCAUGHT_ERRORS = true
# environment
GNOME_DESKTOP_SESSION_ID = this-is-deprecated
# automatic
^D = $(patsubst %/,%,$(dir $^))
# environment
MAKELEVEL := 0
# environment
COLORTERM = truecolor
# default
MAKE = $(MAKE_COMMAND)
# default
MAKECMDGOALS := all
# environment
QT_IM_MODULE = ibus
# makefile (from 'Makefile', line 3)
SRCS = main.cpp 
# environment
SHLVL = 2
# makefile (from 'Makefile', line 7)
CC = c++
# default
MAKE_VERSION := 4.2.1
# environment
USER = guderram
# makefile
.DEFAULT_GOAL := Sed_is_for_losers
# environment
XDG_CURRENT_DESKTOP = Unity
# environment
LIBVIRT_DEFAULT_URI = qemu:///system
# automatic
%D = $(patsubst %/,%,$(dir $%))
# default
MAKE_COMMAND := make
# environment
OLDPWD = /mnt/nfs/homes/guderram/42/piscine-cpp/module-01
# default
.VARIABLES := 
# automatic
*F = $(notdir $*)
# environment
LANGUAGE = en
# environment
XDG_SEAT_PATH = /org/freedesktop/DisplayManager/Seat0
# environment
VSCODE_IPC_HOOK = /run/user/32509/vscode-c015ace9-1.69.2-main.sock
# makefile
MAKEFLAGS = pqrR
# environment
MFLAGS = -pqrR
# automatic
*D = $(patsubst %/,%,$(dir $*))
# automatic
+D = $(patsubst %/,%,$(dir $+))
# environment
GDK_BACKEND = x11
# automatic
+F = $(notdir $+)
# environment
QT_ACCESSIBILITY = 1
# environment
DEFAULTS_PATH = /usr/share/gconf/ubuntu.default.path
# default
MAKEFILES := 
# automatic
<F = $(notdir $<)
# environment
LC_ALL = C
# environment
GJS_DEBUG_TOPICS = JS ERROR;JS LOG
# environment
GNOME_TERMINAL_SCREEN = /org/gnome/Terminal/screen/29b23147_fa40_4b40_a0ae_a8b7921758ba
# automatic
^F = $(notdir $^)
# environment
GNOME_TERMINAL_SERVICE = :1.820
# default
SUFFIXES := 
# environment
CHROME_DESKTOP = code-url-handler.desktop
# default
.INCLUDE_DIRS = /usr/include /usr/local/include /usr/include
# environment
GJS_DEBUG_OUTPUT = stderr
# makefile (from 'Makefile', line 1)
NAME = Sed_is_for_losers
# default
.RECIPEPREFIX := 
# environment
LANG = C
# environment
TERM = xterm-256color
# environment
DOCKER_HOST = unix:///run/user/32509/docker.sock
# environment
VSCODE_PID = 891160
# variable set hash-table stats:
# Load=107/1024=10%, Rehash=0, Collisions=17/136=12%

# Pattern-specific Variable Values

# No pattern-specific variable values.

# Directories

# . (device 59, inode 308942382): 7 files, no impossibilities.

# 7 files, no impossibilities in 1 directories.

# Implicit Rules

# No implicit rules.

# Files

all: Sed_is_for_losers
#  Phony target (prerequisite of .PHONY).
#  Command line target.
#  Implicit rule search has not been done.
#  File does not exist.
#  File has been updated.
#  Successfully updated.

.PHONY: all re clean fclean
#  Implicit rule search has not been done.
#  Modification time never checked.
#  File has not been updated.

# Not a target:
Makefile:
#  Implicit rule search has been done.
#  Last modified 2022-08-26 19:56:04.710312602
#  File has been updated.
#  Successfully updated.

fclean: clean
#  Phony target (prerequisite of .PHONY).
#  Implicit rule search has not been done.
#  File does not exist.
#  File has not been updated.
#  recipe to execute (from 'Makefile', line 23):
	rm -f $(NAME)

# Not a target:
.DEFAULT:
#  Implicit rule search has not been done.
#  Modification time never checked.
#  File has not been updated.

re: fclean all
 
#  Phony target (prerequisite of .PHONY).
#  Implicit rule search has not been done.
#  File does not exist.
#  File has not been updated.

.cpp.o:
#  Implicit rule search has not been done.
#  Modification time never checked.
#  File has not been updated.
#  recipe to execute (from 'Makefile', line 17):
	$(CC) $(CFLAGS) -c $<

clean:
#  Phony target (prerequisite of .PHONY).
#  Implicit rule search has not been done.
#  File does not exist.
#  File has not been updated.
#  recipe to execute (from 'Makefile', line 20):
	rm -f $(OBJSRCS)

Sed_is_for_losers: main.o
#  Implicit rule search has not been done.
#  Last modified 2022-08-26 19:56:20.086407851
#  File has been updated.
#  Successfully updated.
#  recipe to execute (from 'Makefile', line 12):
	$(CC) $(CFLAGS) $(OBJSRCS) -o $(NAME)

# Not a target:
main.o:
#  Implicit rule search has been done.
#  Last modified 2022-08-26 19:56:20.017407424
#  File has been updated.
#  Successfully updated.

# files hash-table stats:
# Load=11/1024=1%, Rehash=0, Collisions=0/31=0%
# VPATH Search Paths

# No 'vpath' search paths.

# No general ('VPATH' variable) search path.

# strcache buffers: 1 (0) / strings = 17 / storage = 141 B / avg = 8 B
# current buf: size = 8162 B / used = 141 B / count = 17 / avg = 8 B

# strcache performance: lookups = 39 / hit rate = 56%
# hash-table stats:
# Load=17/8192=0%, Rehash=0, Collisions=1/39=3%
# Finished Make data base on Sat Aug 27 16:02:42 2022

 
