make all --print-data-base --no-builtin-variables --no-builtin-rules --question
make: *** No rule to make target 'main.o', needed by 'Moar_brain'.  Stop.

# GNU Make 4.2.1
# Built for x86_64-pc-linux-gnu
# Copyright (C) 1988-2016 Free Software Foundation, Inc.
# License GPLv3+: GNU GPL version 3 or later <http://gnu.org/licenses/gpl.html>
# This is free software: you are free to change and redistribute it.
# There is NO WARRANTY, to the extent permitted by law.

# Make data base, printed on Fri Aug 26 12:17:01 2022

# Variables

# automatic
<D = $(patsubst %/,%,$(dir $<))
# automatic
?F = $(notdir $?)
# environment
DESKTOP_SESSION = ubuntu
# default
.SHELLFLAGS := -c
# environment
XDG_SESSION_CLASS = user
# environment
XDG_SESSION_TYPE = x11
# automatic
?D = $(patsubst %/,%,$(dir $?))
# automatic
@D = $(patsubst %/,%,$(dir $@))
# environment
XAUTHORITY = /mnt/nfs/homes/guderram/.Xauthority
# environment
GDMSESSION = ubuntu
# environment
XMODIFIERS = @im=ibus
# makefile
CURDIR := /mnt/nfs/homes/guderram/42/piscine-cpp/module-01/ex01
# makefile
SHELL = /bin/sh
# environment
GDM_LANG = en
# environment
VTE_VERSION = 6003
# environment
VSCODE_NLS_CONFIG = {"locale":"fr","availableLanguages":{"*":"fr"},"_languagePackId":"c7e2ab29f04a1f7605fe59032ea1fa0d.fr","_translationsConfigFile":"/mnt/nfs/homes/guderram/.config/Code/clp/c7e2ab29f04a1f7605fe59032ea1fa0d.fr/tcf.json","_cacheRoot":"/mnt/nfs/homes/guderram/.config/Code/clp/c7e2ab29f04a1f7605fe59032ea1fa0d.fr","_resolvedLanguagePackCoreLocation":"/mnt/nfs/homes/guderram/.config/Code/clp/c7e2ab29f04a1f7605fe59032ea1fa0d.fr/3b889b090b5ad5793f524b5d1d39fda662b96a2a","_corruptedFile":"/mnt/nfs/homes/guderram/.config/Code/clp/c7e2ab29f04a1f7605fe59032ea1fa0d.fr/corrupted.info","_languagePackSupport":true}
# environment
_ = /usr/bin/code
# makefile (from 'Makefile', line 12)
CFLAGS = -Wall -Wextra -Werror 
# environment
JOURNAL_STREAM = 9:3988710
# environment
XDG_CONFIG_DIRS = /etc/xdg/xdg-ubuntu:/etc/xdg
# makefile (from 'Makefile', line 1)
MAKEFILE_LIST :=  Makefile
# automatic
@F = $(notdir $@)
# environment
IM_CONFIG_PHASE = 1
# 'override' directive
GNUMAKEFLAGS := 
# environment
MANDATORY_PATH = /usr/share/gconf/ubuntu.mandatory.path
# environment
XDG_DATA_DIRS = /usr/share/gnome:/usr/share/ubuntu:/mnt/nfs/homes/guderram/.local/share/flatpak/exports/share:/var/lib/flatpak/exports/share:/usr/local/share:/usr/share:/var/lib/snapd/desktop
# makefile (from 'Makefile', line 8)
OBJSRCS = $(SRCS:.cpp=.o)
# environment
DBUS_SESSION_BUS_ADDRESS = unix:path=/run/user/32509/bus
# environment
MANAGERPID = 720707
# environment
VSCODE_CWD = /mnt/nfs/homes/guderram/42/piscine-cpp/module-01/ex01
# environment
XDG_SESSION_PATH = /org/freedesktop/DisplayManager/Session10
# environment
KRB5CCNAME = FILE:/tmp/krb5cc_32509_tfiJmc
# default
MAKE_HOST := x86_64-pc-linux-gnu
# environment
PATH = /mnt/nfs/homes/guderram/bin:/usr/local/sbin:/usr/local/bin:/usr/sbin:/usr/bin:/sbin:/bin:/usr/games:/usr/local/games:/snap/bin
# environment
GPG_AGENT_INFO = /run/user/32509/gnupg/S.gpg-agent:0:1
# environment
SESSION_MANAGER = local/e1r10p6.clusters.42paris.fr:@/tmp/.ICE-unix/721244,unix/e1r10p6.clusters.42paris.fr:/tmp/.ICE-unix/721244
# environment
XDG_RUNTIME_DIR = /run/user/32509
# environment
XDG_MENU_PREFIX = gnome-
# environment
ELECTRON_RUN_AS_NODE = 1
# environment
INVOCATION_ID = 48ab4c696dba412a893c5dbc8daf4ec2
# default
.FEATURES := target-specific order-only second-expansion else-if shortest-stem undefine oneshell archives jobserver output-sync check-symlink load
# environment
XDG_GREETER_DATA_DIR = /var/lib/lightdm-data/guderram
# environment
XDG_SESSION_DESKTOP = ubuntu
# environment
SSH_AUTH_SOCK = /run/user/32509/keyring/ssh
# automatic
%F = $(notdir $%)
# environment
DISPLAY = :0
# environment
PWD = /mnt/nfs/homes/guderram/42/piscine-cpp/module-01/ex01
# default
.LOADED := 
# environment
SSH_AGENT_PID = 721208
# environment
ORIGINAL_XDG_CURRENT_DESKTOP = ubuntu:GNOME
# environment
GTK_MODULES = gail:atk-bridge
# environment
VSCODE_AMD_ENTRYPOINT = vs/workbench/api/node/extensionHostProcess
# environment
HOME = /mnt/nfs/homes/guderram
# environment
VSCODE_CLI = 1
# environment
VSCODE_CODE_CACHE_PATH = /mnt/nfs/homes/guderram/.config/Code/CachedData/3b889b090b5ad5793f524b5d1d39fda662b96a2a
# environment
LOGNAME = guderram
# environment
APPLICATION_INSIGHTS_NO_DIAGNOSTIC_CHANNEL = true
# environment
ELECTRON_NO_ATTACH_CONSOLE = 1
# environment
VSCODE_HANDLES_UNCAUGHT_ERRORS = true
# environment
GNOME_DESKTOP_SESSION_ID = this-is-deprecated
# automatic
^D = $(patsubst %/,%,$(dir $^))
# environment
MAKELEVEL := 0
# environment
COLORTERM = truecolor
# default
MAKE = $(MAKE_COMMAND)
# default
MAKECMDGOALS := all
# environment
QT_IM_MODULE = ibus
# makefile (from 'Makefile', line 3)
SRCS = main.cpp Zombie.cpp newZombie.cpp randomChump.cpp 
# environment
SHLVL = 2
# makefile (from 'Makefile', line 10)
CC = g++
# default
MAKE_VERSION := 4.2.1
# environment
USER = guderram
# makefile
.DEFAULT_GOAL := Moar_brain
# environment
XDG_CURRENT_DESKTOP = Unity
# environment
LIBVIRT_DEFAULT_URI = qemu:///system
# automatic
%D = $(patsubst %/,%,$(dir $%))
# default
MAKE_COMMAND := make
# environment
OLDPWD = /mnt/nfs/homes/guderram/42/piscine-cpp/module-01
# default
.VARIABLES := 
# automatic
*F = $(notdir $*)
# environment
LANGUAGE = en
# environment
XDG_SEAT_PATH = /org/freedesktop/DisplayManager/Seat0
# environment
VSCODE_IPC_HOOK = /run/user/32509/vscode-c015ace9-1.69.2-main.sock
# makefile
MAKEFLAGS = pqrR
# environment
MFLAGS = -pqrR
# automatic
*D = $(patsubst %/,%,$(dir $*))
# automatic
+D = $(patsubst %/,%,$(dir $+))
# environment
GDK_BACKEND = x11
# automatic
+F = $(notdir $+)
# environment
NO_AT_BRIDGE = 1
# environment
QT_ACCESSIBILITY = 1
# environment
DEFAULTS_PATH = /usr/share/gconf/ubuntu.default.path
# default
MAKEFILES := 
# automatic
<F = $(notdir $<)
# environment
LC_ALL = C
# environment
GJS_DEBUG_TOPICS = JS ERROR;JS LOG
# environment
GNOME_TERMINAL_SCREEN = /org/gnome/Terminal/screen/5da62203_f89a_4d80_bb6b_876349278476
# automatic
^F = $(notdir $^)
# environment
GNOME_TERMINAL_SERVICE = :1.122
# default
SUFFIXES := 
# environment
CHROME_DESKTOP = code-url-handler.desktop
# default
.INCLUDE_DIRS = /usr/include /usr/local/include /usr/include
# environment
GJS_DEBUG_OUTPUT = stderr
# makefile (from 'Makefile', line 1)
NAME = Moar_brain
# default
.RECIPEPREFIX := 
# environment
LANG = C
# environment
TERM = xterm-256color
# environment
DOCKER_HOST = unix:///run/user/32509/docker.sock
# environment
VSCODE_PID = 724331
# variable set hash-table stats:
# Load=108/1024=11%, Rehash=0, Collisions=17/137=12%

# Pattern-specific Variable Values

# No pattern-specific variable values.

# Directories

# . (device 59, inode 20251628): 8 files, no impossibilities.

# 8 files, no impossibilities in 1 directories.

# Implicit Rules

# No implicit rules.

# Files

# Not a target:
randomChump.o:
#  Implicit rule search has not been done.
#  Modification time never checked.
#  File has not been updated.

all: Moar_brain
#  Phony target (prerequisite of .PHONY).
#  Command line target.
#  Implicit rule search has not been done.
#  File does not exist.
#  File has not been updated.

.PHONY: all re clean fclean
#  Implicit rule search has not been done.
#  Modification time never checked.
#  File has not been updated.

Moar_brain: main.o Zombie.o newZombie.o randomChump.o
#  Implicit rule search has not been done.
#  File does not exist.
#  File has not been updated.
#  recipe to execute (from 'Makefile', line 15):
	$(CC) $(CFLAGS) $(OBJSRCS) -o $(NAME)

# Not a target:
Makefile:
#  Implicit rule search has been done.
#  Last modified 2022-08-26 12:07:52.963809793
#  File has been updated.
#  Successfully updated.

fclean: clean
#  Phony target (prerequisite of .PHONY).
#  Implicit rule search has not been done.
#  File does not exist.
#  File has not been updated.
#  recipe to execute (from 'Makefile', line 26):
	rm -f $(NAME)
 

# Not a target:
.DEFAULT:
#  Implicit rule search has not been done.
#  Modification time never checked.
#  File has not been updated.

re: fclean all
#  Phony target (prerequisite of .PHONY).
#  Implicit rule search has not been done.
#  File does not exist.
#  File has not been updated.

.cpp.o:
#  Implicit rule search has not been done.
#  Modification time never checked.
#  File has not been updated.
#  recipe to execute (from 'Makefile', line 20):
	$(CC) $(CFLAGS) -c $<

clean:
#  Phony target (prerequisite of .PHONY).
#  Implicit rule search has not been done.
#  File does not exist.
#  File has not been updated.
#  recipe to execute (from 'Makefile', line 23):
	rm -f $(OBJSRCS)

# Not a target:
Zombie.o:
#  Implicit rule search has not been done.
#  Modification time never checked.
#  File has not been updated.

# Not a target:
main.o:
#  Implicit rule search has been done.
#  File does not exist.
#  File has not been updated.

# Not a target:
newZombie.o:
#  Implicit rule search has not been done.
#  Modification time never checked.
#  File has not been updated.

# files hash-table stats:
# Load=14/1024=1%, Rehash=0, Collisions=0/37=0%
# VPATH Search Paths

# No 'vpath' search paths.

# No general ('VPATH' variable) search path.

# strcache buffers: 1 (0) / strings = 23 / storage = 207 B / avg = 9 B
# current buf: size = 8162 B / used = 207 B / count = 23 / avg = 9 B

# strcache performance: lookups = 43 / hit rate = 46%
# hash-table stats:
# Load=23/8192=0%, Rehash=0, Collisions=1/43=2%
# Finished Make data base on Fri Aug 26 12:17:01 2022

 
